c:\users\henrikasus\documents\assignment-b1-kommandotolken2\assignment2\debug\assignment2.pch
c:\users\henrikasus\documents\assignment-b1-kommandotolken2\assignment2\debug\vc141.pdb
c:\users\henrikasus\documents\assignment-b1-kommandotolken2\assignment2\debug\vc141.idb
c:\users\henrikasus\documents\assignment-b1-kommandotolken2\assignment2\debug\pch.obj
c:\users\henrikasus\documents\assignment-b1-kommandotolken2\assignment2\debug\triangle.obj
c:\users\henrikasus\documents\assignment-b1-kommandotolken2\assignment2\debug\shape.obj
c:\users\henrikasus\documents\assignment-b1-kommandotolken2\assignment2\debug\polygon.obj
c:\users\henrikasus\documents\assignment-b1-kommandotolken2\assignment2\debug\point.obj
c:\users\henrikasus\documents\assignment-b1-kommandotolken2\assignment2\debug\line.obj
c:\users\henrikasus\documents\assignment-b1-kommandotolken2\assignment2\debug\figure.obj
c:\users\henrikasus\documents\assignment-b1-kommandotolken2\assignment2\debug\assignment2.obj
c:\users\henrikasus\documents\assignment-b1-kommandotolken2\assignment2\debug\assignment2.exe
c:\users\henrikasus\documents\assignment-b1-kommandotolken2\assignment2\debug\assignment2.ilk
c:\users\henrikasus\documents\assignment-b1-kommandotolken2\assignment2\debug\assignment2.pdb
c:\users\henrikasus\documents\assignment-b1-kommandotolken2\assignment2\debug\assignment2.tlog\cl.command.1.tlog
c:\users\henrikasus\documents\assignment-b1-kommandotolken2\assignment2\debug\assignment2.tlog\cl.read.1.tlog
c:\users\henrikasus\documents\assignment-b1-kommandotolken2\assignment2\debug\assignment2.tlog\cl.write.1.tlog
c:\users\henrikasus\documents\assignment-b1-kommandotolken2\assignment2\debug\assignment2.tlog\link.command.1.tlog
c:\users\henrikasus\documents\assignment-b1-kommandotolken2\assignment2\debug\assignment2.tlog\link.read.1.tlog
c:\users\henrikasus\documents\assignment-b1-kommandotolken2\assignment2\debug\assignment2.tlog\link.write.1.tlog
